This is pdfTeX, Version 3.141592653-2.6-1.40.25 (TeX Live 2023) (preloaded format=pdflatex 2023.11.11)  12 NOV 2023 23:46
entering extended mode
 restricted \write18 enabled.
 file:line:error style messages enabled.
 %&-line parsing enabled.
**"d:/Rutgers/4-1/Academic/Intro to AI/Project 2/project-2/writeup/project_2_writeup.tex"
(d:/Rutgers/4-1/Academic/Intro to AI/Project 2/project-2/writeup/project_2_writeup.tex
LaTeX2e <2023-11-01>
L3 programming layer <2023-11-01>
(d:/CS Dev/Packages/texlive/2023/texmf-dist/tex/latex/base/article.cls
Document Class: article 2023/05/17 v1.4n Standard LaTeX document class
(d:/CS Dev/Packages/texlive/2023/texmf-dist/tex/latex/base/size11.clo
File: size11.clo 2023/05/17 v1.4n Standard LaTeX file (size option)
)
\c@part=\count186
\c@section=\count187
\c@subsection=\count188
\c@subsubsection=\count189
\c@paragraph=\count190
\c@subparagraph=\count191
\c@figure=\count192
\c@table=\count193
\abovecaptionskip=\skip48
\belowcaptionskip=\skip49
\bibindent=\dimen140
) (d:/CS Dev/Packages/texlive/2023/texmf-dist/tex/latex/geometry/geometry.sty
Package: geometry 2020/01/02 v5.9 Page Geometry
 (d:/CS Dev/Packages/texlive/2023/texmf-dist/tex/latex/graphics/keyval.sty
Package: keyval 2022/05/29 v1.15 key=value parser (DPC)
\KV@toks@=\toks17
) (d:/CS Dev/Packages/texlive/2023/texmf-dist/tex/generic/iftex/ifvtex.sty
Package: ifvtex 2019/10/25 v1.7 ifvtex legacy package. Use iftex instead.
 (d:/CS Dev/Packages/texlive/2023/texmf-dist/tex/generic/iftex/iftex.sty
Package: iftex 2022/02/03 v1.0f TeX engine tests
))
\Gm@cnth=\count194
\Gm@cntv=\count195
\c@Gm@tempcnt=\count196
\Gm@bindingoffset=\dimen141
\Gm@wd@mp=\dimen142
\Gm@odd@mp=\dimen143
\Gm@even@mp=\dimen144
\Gm@layoutwidth=\dimen145
\Gm@layoutheight=\dimen146
\Gm@layouthoffset=\dimen147
\Gm@layoutvoffset=\dimen148
\Gm@dimlist=\toks18
) (d:/CS Dev/Packages/texlive/2023/texmf-dist/tex/latex/setspace/setspace.sty
Package: setspace 2022/12/04 v6.7b set line spacing
) (d:/CS Dev/Packages/texlive/2023/texmf-dist/tex/latex/graphics/graphicx.sty
Package: graphicx 2021/09/16 v1.2d Enhanced LaTeX Graphics (DPC,SPQR)
 (d:/CS Dev/Packages/texlive/2023/texmf-dist/tex/latex/graphics/graphics.sty
Package: graphics 2022/03/10 v1.4e Standard LaTeX Graphics (DPC,SPQR)
 (d:/CS Dev/Packages/texlive/2023/texmf-dist/tex/latex/graphics/trig.sty
Package: trig 2021/08/11 v1.11 sin cos tan (DPC)
) (d:/CS Dev/Packages/texlive/2023/texmf-dist/tex/latex/graphics-cfg/graphics.cfg
File: graphics.cfg 2016/06/04 v1.11 sample graphics configuration
)
Package graphics Info: Driver file: pdftex.def on input line 107.
 (d:/CS Dev/Packages/texlive/2023/texmf-dist/tex/latex/graphics-def/pdftex.def
File: pdftex.def 2022/09/22 v1.2b Graphics/color driver for pdftex
))
\Gin@req@height=\dimen149
\Gin@req@width=\dimen150
) (d:/CS Dev/Packages/texlive/2023/texmf-dist/tex/latex/l3backend/l3backend-pdftex.def
File: l3backend-pdftex.def 2023-11-04 L3 backend support: PDF output (pdfTeX)
\l__color_backend_stack_int=\count197
\l__pdf_internal_box=\box51
) (./project_2_writeup.aux)
\openout1 = `project_2_writeup.aux'.

LaTeX Font Info:    Checking defaults for OML/cmm/m/it on input line 15.
LaTeX Font Info:    ... okay on input line 15.
LaTeX Font Info:    Checking defaults for OMS/cmsy/m/n on input line 15.
LaTeX Font Info:    ... okay on input line 15.
LaTeX Font Info:    Checking defaults for OT1/cmr/m/n on input line 15.
LaTeX Font Info:    ... okay on input line 15.
LaTeX Font Info:    Checking defaults for T1/cmr/m/n on input line 15.
LaTeX Font Info:    ... okay on input line 15.
LaTeX Font Info:    Checking defaults for TS1/cmr/m/n on input line 15.
LaTeX Font Info:    ... okay on input line 15.
LaTeX Font Info:    Checking defaults for OMX/cmex/m/n on input line 15.
LaTeX Font Info:    ... okay on input line 15.
LaTeX Font Info:    Checking defaults for U/cmr/m/n on input line 15.
LaTeX Font Info:    ... okay on input line 15.

*geometry* driver: auto-detecting
*geometry* detected driver: pdftex
*geometry* verbose mode - [ preamble ] result:
* driver: pdftex
* paper: <default>
* layout: <same size as paper>
* layoutoffset:(h,v)=(0.0pt,0.0pt)
* modes: 
* h-part:(L,W,R)=(72.26999pt, 469.75502pt, 72.26999pt)
* v-part:(T,H,B)=(72.26999pt, 635.97623pt, 86.72377pt)
* \paperwidth=614.295pt
* \paperheight=794.96999pt
* \textwidth=469.75502pt
* \textheight=635.97623pt
* \oddsidemargin=0.0pt
* \evensidemargin=0.0pt
* \topmargin=-37.0pt
* \headheight=12.0pt
* \headsep=25.0pt
* \topskip=11.0pt
* \footskip=30.0pt
* \marginparwidth=59.0pt
* \marginparsep=10.0pt
* \columnsep=10.0pt
* \skip\footins=10.0pt plus 4.0pt minus 2.0pt
* \hoffset=0.0pt
* \voffset=0.0pt
* \mag=1000
* \@twocolumnfalse
* \@twosidefalse
* \@mparswitchfalse
* \@reversemarginfalse
* (1in=72.27pt=25.4mm, 1cm=28.453pt)

(d:/CS Dev/Packages/texlive/2023/texmf-dist/tex/context/base/mkii/supp-pdf.mkii
[Loading MPS to PDF converter (version 2006.09.02).]
\scratchcounter=\count198
\scratchdimen=\dimen151
\scratchbox=\box52
\nofMPsegments=\count199
\nofMParguments=\count266
\everyMPshowfont=\toks19
\MPscratchCnt=\count267
\MPscratchDim=\dimen152
\MPnumerator=\count268
\makeMPintoPDFobject=\count269
\everyMPtoPDFconversion=\toks20
) (d:/CS Dev/Packages/texlive/2023/texmf-dist/tex/latex/epstopdf-pkg/epstopdf-base.sty
Package: epstopdf-base 2020-01-24 v2.11 Base part for package epstopdf
Package epstopdf-base Info: Redefining graphics rule for `.eps' on input line 485.
 (d:/CS Dev/Packages/texlive/2023/texmf-dist/tex/latex/latexconfig/epstopdf-sys.cfg
File: epstopdf-sys.cfg 2010/07/13 v1.3 Configuration of (r)epstopdf for TeX Live
))
LaTeX Font Info:    External font `cmex10' loaded for size
(Font)              <12> on input line 17.
LaTeX Font Info:    External font `cmex10' loaded for size
(Font)              <8> on input line 17.
LaTeX Font Info:    External font `cmex10' loaded for size
(Font)              <6> on input line 17.
 [1

{d:/CS Dev/Packages/texlive/2023/texmf-var/fonts/map/pdftex/updmap/pdftex.map}{d:/CS Dev/Packages/texlive/2023/texmf-dist/fonts/enc/dvips/cm-super/cm-super-ts1.enc}]
LaTeX Font Info:    External font `cmex10' loaded for size
(Font)              <10.95> on input line 54.
 [2] [3]
Overfull \hbox (9.91638pt too wide) in paragraph at lines 84--85
[]\OT1/cmr/m/n/10.95 After the \OT1/cmr/m/it/10.95 alien[]detected \OT1/cmr/m/n/10.95 and \OT1/cmr/m/it/10.95 crew[]detected \OT1/cmr/m/n/10.95 vari-ables are stored, the \OT1/cmr/m/it/10.95 alien[]matrix \OT1/cmr/m/n/10.95 and \OT1/cmr/m/it/10.95 crew[]matrix
 []

[4] [5] [6] [7] [8] [9] [10] [11] [12] [13] [14]

LaTeX Warning: File `12metric1_k1.png' not found on input line 282.


d:/Rutgers/4-1/Academic/Intro to AI/Project 2/project-2/writeup/project_2_writeup.tex:282: Package pdftex.def Error: File `12metric1_k1.png' not found: using draft setting.

See the pdftex.def package documentation for explanation.
Type  H <return>  for immediate help.
 ...                                              
                                                  
l.282 ...s[width=0.75\linewidth]{12metric1_k1.png}
                                                  
Try typing  <return>  to proceed.
If that doesn't work, type  X <return>  to quit.


LaTeX Warning: File `12metric1_k3.png' not found on input line 284.


d:/Rutgers/4-1/Academic/Intro to AI/Project 2/project-2/writeup/project_2_writeup.tex:284: Package pdftex.def Error: File `12metric1_k3.png' not found: using draft setting.

See the pdftex.def package documentation for explanation.
Type  H <return>  for immediate help.
 ...                                              
                                                  
l.284 ...s[width=0.75\linewidth]{12metric1_k3.png}
                                                  
Try typing  <return>  to proceed.
If that doesn't work, type  X <return>  to quit.

[15]

LaTeX Warning: File `12metric1_k5.png' not found on input line 286.


d:/Rutgers/4-1/Academic/Intro to AI/Project 2/project-2/writeup/project_2_writeup.tex:286: Package pdftex.def Error: File `12metric1_k5.png' not found: using draft setting.

See the pdftex.def package documentation for explanation.
Type  H <return>  for immediate help.
 ...                                              
                                                  
l.286 ...s[width=0.75\linewidth]{12metric1_k5.png}
                                                  
Try typing  <return>  to proceed.
If that doesn't work, type  X <return>  to quit.

[16]

LaTeX Warning: File `345metric1_k1.png' not found on input line 290.


d:/Rutgers/4-1/Academic/Intro to AI/Project 2/project-2/writeup/project_2_writeup.tex:290: Package pdftex.def Error: File `345metric1_k1.png' not found: using draft setting.

See the pdftex.def package documentation for explanation.
Type  H <return>  for immediate help.
 ...                                              
                                                  
l.290 ...[width=0.75\linewidth]{345metric1_k1.png}
                                                  
Try typing  <return>  to proceed.
If that doesn't work, type  X <return>  to quit.

[17]

LaTeX Warning: File `345metric1_k3.png' not found on input line 292.


d:/Rutgers/4-1/Academic/Intro to AI/Project 2/project-2/writeup/project_2_writeup.tex:292: Package pdftex.def Error: File `345metric1_k3.png' not found: using draft setting.

See the pdftex.def package documentation for explanation.
Type  H <return>  for immediate help.
 ...                                              
                                                  
l.292 ...[width=0.75\linewidth]{345metric1_k3.png}
                                                  
Try typing  <return>  to proceed.
If that doesn't work, type  X <return>  to quit.

[18]

LaTeX Warning: File `345metric1_k5.png' not found on input line 294.


d:/Rutgers/4-1/Academic/Intro to AI/Project 2/project-2/writeup/project_2_writeup.tex:294: Package pdftex.def Error: File `345metric1_k5.png' not found: using draft setting.

See the pdftex.def package documentation for explanation.
Type  H <return>  for immediate help.
 ...                                              
                                                  
l.294 ...[width=0.75\linewidth]{345metric1_k5.png}
                                                  
Try typing  <return>  to proceed.
If that doesn't work, type  X <return>  to quit.

[19]

LaTeX Warning: File `678metric1_k1.png' not found on input line 298.


d:/Rutgers/4-1/Academic/Intro to AI/Project 2/project-2/writeup/project_2_writeup.tex:298: Package pdftex.def Error: File `678metric1_k1.png' not found: using draft setting.

See the pdftex.def package documentation for explanation.
Type  H <return>  for immediate help.
 ...                                              
                                                  
l.298 ...[width=0.75\linewidth]{678metric1_k1.png}
                                                  
Try typing  <return>  to proceed.
If that doesn't work, type  X <return>  to quit.

[20]

LaTeX Warning: File `678metric1_k3.png' not found on input line 300.


d:/Rutgers/4-1/Academic/Intro to AI/Project 2/project-2/writeup/project_2_writeup.tex:300: Package pdftex.def Error: File `678metric1_k3.png' not found: using draft setting.

See the pdftex.def package documentation for explanation.
Type  H <return>  for immediate help.
 ...                                              
                                                  
l.300 ...[width=0.75\linewidth]{678metric1_k3.png}
                                                  
Try typing  <return>  to proceed.
If that doesn't work, type  X <return>  to quit.

[21]

LaTeX Warning: File `678metric1_k5.png' not found on input line 302.


d:/Rutgers/4-1/Academic/Intro to AI/Project 2/project-2/writeup/project_2_writeup.tex:302: Package pdftex.def Error: File `678metric1_k5.png' not found: using draft setting.

See the pdftex.def package documentation for explanation.
Type  H <return>  for immediate help.
 ...                                              
                                                  
l.302 ...[width=0.75\linewidth]{678metric1_k5.png}
                                                  
Try typing  <return>  to proceed.
If that doesn't work, type  X <return>  to quit.

[22]

LaTeX Warning: File `12metric2_k1.png' not found on input line 311.


d:/Rutgers/4-1/Academic/Intro to AI/Project 2/project-2/writeup/project_2_writeup.tex:311: Package pdftex.def Error: File `12metric2_k1.png' not found: using draft setting.

See the pdftex.def package documentation for explanation.
Type  H <return>  for immediate help.
 ...                                              
                                                  
l.311 ...s[width=0.75\linewidth]{12metric2_k1.png}
                                                  
Try typing  <return>  to proceed.
If that doesn't work, type  X <return>  to quit.

[23]

LaTeX Warning: File `12metric2_k3.png' not found on input line 313.


d:/Rutgers/4-1/Academic/Intro to AI/Project 2/project-2/writeup/project_2_writeup.tex:313: Package pdftex.def Error: File `12metric2_k3.png' not found: using draft setting.

See the pdftex.def package documentation for explanation.
Type  H <return>  for immediate help.
 ...                                              
                                                  
l.313 ...s[width=0.75\linewidth]{12metric2_k3.png}
                                                  
Try typing  <return>  to proceed.
If that doesn't work, type  X <return>  to quit.

[24]

LaTeX Warning: File `12metric2_k5.png' not found on input line 315.


d:/Rutgers/4-1/Academic/Intro to AI/Project 2/project-2/writeup/project_2_writeup.tex:315: Package pdftex.def Error: File `12metric2_k5.png' not found: using draft setting.

See the pdftex.def package documentation for explanation.
Type  H <return>  for immediate help.
 ...                                              
                                                  
l.315 ...s[width=0.75\linewidth]{12metric2_k5.png}
                                                  
Try typing  <return>  to proceed.
If that doesn't work, type  X <return>  to quit.

[25]

LaTeX Warning: File `345metric2_k1.png' not found on input line 319.


d:/Rutgers/4-1/Academic/Intro to AI/Project 2/project-2/writeup/project_2_writeup.tex:319: Package pdftex.def Error: File `345metric2_k1.png' not found: using draft setting.

See the pdftex.def package documentation for explanation.
Type  H <return>  for immediate help.
 ...                                              
                                                  
l.319 ...[width=0.75\linewidth]{345metric2_k1.png}
                                                  
Try typing  <return>  to proceed.
If that doesn't work, type  X <return>  to quit.

[26]

LaTeX Warning: File `345metric2_k3.png' not found on input line 321.


d:/Rutgers/4-1/Academic/Intro to AI/Project 2/project-2/writeup/project_2_writeup.tex:321: Package pdftex.def Error: File `345metric2_k3.png' not found: using draft setting.

See the pdftex.def package documentation for explanation.
Type  H <return>  for immediate help.
 ...                                              
                                                  
l.321 ...[width=0.75\linewidth]{345metric2_k3.png}
                                                  
Try typing  <return>  to proceed.
If that doesn't work, type  X <return>  to quit.

[27]

LaTeX Warning: File `345metric2_k5.png' not found on input line 323.


d:/Rutgers/4-1/Academic/Intro to AI/Project 2/project-2/writeup/project_2_writeup.tex:323: Package pdftex.def Error: File `345metric2_k5.png' not found: using draft setting.

See the pdftex.def package documentation for explanation.
Type  H <return>  for immediate help.
 ...                                              
                                                  
l.323 ...[width=0.75\linewidth]{345metric2_k5.png}
                                                  
Try typing  <return>  to proceed.
If that doesn't work, type  X <return>  to quit.

[28]

LaTeX Warning: File `678metric2_k1.png' not found on input line 327.


d:/Rutgers/4-1/Academic/Intro to AI/Project 2/project-2/writeup/project_2_writeup.tex:327: Package pdftex.def Error: File `678metric2_k1.png' not found: using draft setting.

See the pdftex.def package documentation for explanation.
Type  H <return>  for immediate help.
 ...                                              
                                                  
l.327 ...[width=0.75\linewidth]{678metric2_k1.png}
                                                  
Try typing  <return>  to proceed.
If that doesn't work, type  X <return>  to quit.

[29]

LaTeX Warning: File `678metric2_k3.png' not found on input line 329.


d:/Rutgers/4-1/Academic/Intro to AI/Project 2/project-2/writeup/project_2_writeup.tex:329: Package pdftex.def Error: File `678metric2_k3.png' not found: using draft setting.

See the pdftex.def package documentation for explanation.
Type  H <return>  for immediate help.
 ...                                              
                                                  
l.329 ...[width=0.75\linewidth]{678metric2_k3.png}
                                                  
Try typing  <return>  to proceed.
If that doesn't work, type  X <return>  to quit.

[30]

LaTeX Warning: File `678metric2_k5.png' not found on input line 331.


d:/Rutgers/4-1/Academic/Intro to AI/Project 2/project-2/writeup/project_2_writeup.tex:331: Package pdftex.def Error: File `678metric2_k5.png' not found: using draft setting.

See the pdftex.def package documentation for explanation.
Type  H <return>  for immediate help.
 ...                                              
                                                  
l.331 ...[width=0.75\linewidth]{678metric2_k5.png}
                                                  
Try typing  <return>  to proceed.
If that doesn't work, type  X <return>  to quit.

[31]

LaTeX Warning: File `12metric3_k1.png' not found on input line 340.


d:/Rutgers/4-1/Academic/Intro to AI/Project 2/project-2/writeup/project_2_writeup.tex:340: Package pdftex.def Error: File `12metric3_k1.png' not found: using draft setting.

See the pdftex.def package documentation for explanation.
Type  H <return>  for immediate help.
 ...                                              
                                                  
l.340 ...s[width=0.75\linewidth]{12metric3_k1.png}
                                                  
Try typing  <return>  to proceed.
If that doesn't work, type  X <return>  to quit.

[32]

LaTeX Warning: File `12metric3_k3.png' not found on input line 342.


d:/Rutgers/4-1/Academic/Intro to AI/Project 2/project-2/writeup/project_2_writeup.tex:342: Package pdftex.def Error: File `12metric3_k3.png' not found: using draft setting.

See the pdftex.def package documentation for explanation.
Type  H <return>  for immediate help.
 ...                                              
                                                  
l.342 ...s[width=0.75\linewidth]{12metric3_k3.png}
                                                  
Try typing  <return>  to proceed.
If that doesn't work, type  X <return>  to quit.

[33]

LaTeX Warning: File `12metric3_k5.png' not found on input line 344.


d:/Rutgers/4-1/Academic/Intro to AI/Project 2/project-2/writeup/project_2_writeup.tex:344: Package pdftex.def Error: File `12metric3_k5.png' not found: using draft setting.

See the pdftex.def package documentation for explanation.
Type  H <return>  for immediate help.
 ...                                              
                                                  
l.344 ...s[width=0.75\linewidth]{12metric3_k5.png}
                                                  
Try typing  <return>  to proceed.
If that doesn't work, type  X <return>  to quit.

[34]

LaTeX Warning: File `345metric3_k1.png' not found on input line 348.


d:/Rutgers/4-1/Academic/Intro to AI/Project 2/project-2/writeup/project_2_writeup.tex:348: Package pdftex.def Error: File `345metric3_k1.png' not found: using draft setting.

See the pdftex.def package documentation for explanation.
Type  H <return>  for immediate help.
 ...                                              
                                                  
l.348 ...[width=0.75\linewidth]{345metric3_k1.png}
                                                  
Try typing  <return>  to proceed.
If that doesn't work, type  X <return>  to quit.

[35]

LaTeX Warning: File `345metric3_k3.png' not found on input line 350.


d:/Rutgers/4-1/Academic/Intro to AI/Project 2/project-2/writeup/project_2_writeup.tex:350: Package pdftex.def Error: File `345metric3_k3.png' not found: using draft setting.

See the pdftex.def package documentation for explanation.
Type  H <return>  for immediate help.
 ...                                              
                                                  
l.350 ...[width=0.75\linewidth]{345metric3_k3.png}
                                                  
Try typing  <return>  to proceed.
If that doesn't work, type  X <return>  to quit.

[36]

LaTeX Warning: File `345metric3_k5.png' not found on input line 352.


d:/Rutgers/4-1/Academic/Intro to AI/Project 2/project-2/writeup/project_2_writeup.tex:352: Package pdftex.def Error: File `345metric3_k5.png' not found: using draft setting.

See the pdftex.def package documentation for explanation.
Type  H <return>  for immediate help.
 ...                                              
                                                  
l.352 ...[width=0.75\linewidth]{345metric3_k5.png}
                                                  
Try typing  <return>  to proceed.
If that doesn't work, type  X <return>  to quit.

[37]

LaTeX Warning: File `678metric3_k1.png' not found on input line 356.


d:/Rutgers/4-1/Academic/Intro to AI/Project 2/project-2/writeup/project_2_writeup.tex:356: Package pdftex.def Error: File `678metric3_k1.png' not found: using draft setting.

See the pdftex.def package documentation for explanation.
Type  H <return>  for immediate help.
 ...                                              
                                                  
l.356 ...[width=0.75\linewidth]{678metric3_k1.png}
                                                  
Try typing  <return>  to proceed.
If that doesn't work, type  X <return>  to quit.

[38]

LaTeX Warning: File `678metric3_k3.png' not found on input line 358.


d:/Rutgers/4-1/Academic/Intro to AI/Project 2/project-2/writeup/project_2_writeup.tex:358: Package pdftex.def Error: File `678metric3_k3.png' not found: using draft setting.

See the pdftex.def package documentation for explanation.
Type  H <return>  for immediate help.
 ...                                              
                                                  
l.358 ...[width=0.75\linewidth]{678metric3_k3.png}
                                                  
Try typing  <return>  to proceed.
If that doesn't work, type  X <return>  to quit.

[39]

LaTeX Warning: File `678metric3_k5.png' not found on input line 360.


d:/Rutgers/4-1/Academic/Intro to AI/Project 2/project-2/writeup/project_2_writeup.tex:360: Package pdftex.def Error: File `678metric3_k5.png' not found: using draft setting.

See the pdftex.def package documentation for explanation.
Type  H <return>  for immediate help.
 ...                                              
                                                  
l.360 ...[width=0.75\linewidth]{678metric3_k5.png}
                                                  
Try typing  <return>  to proceed.
If that doesn't work, type  X <return>  to quit.

[40] [41] (./project_2_writeup.aux)
 ***********
LaTeX2e <2023-11-01>
L3 programming layer <2023-11-01>
 ***********
 ) 
Here is how much of TeX's memory you used:
 2723 strings out of 474272
 53254 string characters out of 5743465
 1935533 words of memory out of 5000000
 24945 multiletter control sequences out of 15000+600000
 564095 words of font info for 56 fonts, out of 8000000 for 9000
 1141 hyphenation exceptions out of 8191
 57i,6n,65p,2671b,259s stack positions out of 10000i,1000n,20000p,200000b,200000s
<d:/CS Dev/Packages/texlive/2023/texmf-dist/fonts/type1/public/amsfonts/cm/cmbx10.pfb><d:/CS Dev/Packages/texlive/2023/texmf-dist/fonts/type1/public/amsfonts/cm/cmbx12.pfb><d:/CS Dev/Packages/texlive/2023/texmf-dist/fonts/type1/public/amsfonts/cm/cmex10.pfb><d:/CS Dev/Packages/texlive/2023/texmf-dist/fonts/type1/public/amsfonts/cm/cmmi10.pfb><d:/CS Dev/Packages/texlive/2023/texmf-dist/fonts/type1/public/amsfonts/cm/cmmi8.pfb><d:/CS Dev/Packages/texlive/2023/texmf-dist/fonts/type1/public/amsfonts/cm/cmr10.pfb><d:/CS Dev/Packages/texlive/2023/texmf-dist/fonts/type1/public/amsfonts/cm/cmr12.pfb><d:/CS Dev/Packages/texlive/2023/texmf-dist/fonts/type1/public/amsfonts/cm/cmr17.pfb><d:/CS Dev/Packages/texlive/2023/texmf-dist/fonts/type1/public/amsfonts/cm/cmr8.pfb><d:/CS Dev/Packages/texlive/2023/texmf-dist/fonts/type1/public/amsfonts/cm/cmsy10.pfb><d:/CS Dev/Packages/texlive/2023/texmf-dist/fonts/type1/public/amsfonts/cm/cmsy8.pfb><d:/CS Dev/Packages/texlive/2023/texmf-dist/fonts/type1/public/amsfonts/cm/cmti10.pfb><d:/CS Dev/Packages/texlive/2023/texmf-dist/fonts/type1/public/amsfonts/cm/cmtt10.pfb><d:/CS Dev/Packages/texlive/2023/texmf-dist/fonts/type1/public/cm-super/sfrm1095.pfb>
Output written on project_2_writeup.pdf (41 pages, 212972 bytes).
PDF statistics:
 209 PDF objects out of 1000 (max. 8388607)
 136 compressed objects within 2 object streams
 0 named destinations out of 1000 (max. 500000)
 1 words of extra memory for PDF output out of 10000 (max. 10000000)

